abierta	1
hacia	1
nuevas	1
ideas	1
facilita	1
la	1
adaptacion	1
a	1
circunstancias	1
cambiantes	1
la	1
capacidad	1
para	1
seguir	1
aprendiendo	1
representa	1
una	1
ventaja	1
importante	1
en	1
cualquier	1
etapa	1
de	1
la	1
vida	1
muchas	1
metas	1
importantes	1
requieren	1
paciencia	1
alcanzar	1
un	1
objetivo	1
complejo	1
suele	1
implicar	1
una	1
serie	1
de	1
pequenos	1
avances	1
que	1
se	1
acumulan	1
con	1
el	1
tiempo	1
celebrar	1
cada	1
progreso	1
ayuda	1
a	1
mantener	1
la	1
motivacion	1
y	1
recuerda	1
que	1
el	1
esfuerzo	1
realizado	1
tiene	1
valor	1
incluso	1
cuando	1
aparecen	1
dificultades	1
la	1
continuidad	1
en	1
el	1
trabajo	1
permite	1
acercarse	1
poco	1
a	1
poco	1
al	1
resultado	1
deseado	1
la	1
observacion	1
cuidadosa	1
del	1
entorno	1
ofrece	1
oportunidades	1
para	1
descubrir	1
detalles	1
interesantes	1
un	1
cambio	1
pequeno	1
en	1
la	1
rutina	1
puede	1
inspirar	1
una	1
idea	1
diferente	1
o	1
revelar	1
una	1
solucion	1
que	1
antes	1
parecia	1
oculta	1
mantener	1
la	1
atencion	1
sobre	1
lo	1
que	1
sucede	1
alrededor	1
ayuda	1
a	1
comprender	1
mejor	1
las	1
necesidades	1
propias	1
y	1
las	1
de	1
otras	1
personas	1
la	1
disciplina	1
no	1
significa	1
eliminar	1
toda	1
flexibilidad	1
significa	1
mantener	1
un	1
compromiso	1
constante	1
con	1
los	1
objetivos	1
principales	1
aun	1
cuando	1
existan	1
momentos	1
de	1
cansancio	1
o	1
distraccion	1
adaptar	1
los	1
planes	1
cuando	1
sea	1
necesario	1
permite	1
continuar	1
avanzando	1
sin	1
perder	1
de	1
vista	1
el	1
proposito	1
inicial	1
este	1
equilibrio	1
entre	1
firmeza	1
y	1
adaptacion	1
favorece	1
resultados	1
sostenibles	1
el	1
respeto	1
por	1
los	1
demas	1
fortalece	1
la	1
convivencia	1
tratar	1
a	1
cada	1
persona	1
con	1
cortesia	1
valorar	1
las	1
diferencias	1
y	1
buscar	1
acuerdos	1
cuando	1
existen	1
opiniones	1
distintas	1
crea	1
un	1
ambiente	1
mas	1
armonioso	1
la	1
empatia	1
facilita	1
la	1
comprension	1
mutua	1
y	1
contribuye	1
a	1
resolver	1
conflictos	1
de	1
manera	1
constructiva	1
cada	1
dia	1
ofrece	1
una	1
oportunidad	1
para	1
aprender	1
practicar	1
mejorar	1
y	1
compartir	1
conocimiento	1
la	1
suma	1
de	1
acciones	1
sencillas	1
realizadas	1
con	1
constancia	1
puede	1
generar	1
cambios	1
importantes	1
a	1
lo	1
largo	1
del	1
tiempo	1
con	1
una	1
actitud	1
positiva	1
organizacion	1
adecuada	1
interes	1
por	1
descubrir	1
nuevas	1
ideas	1
y	1
disposicion	1
para	1
colaborar	1
es	1
posible	1
construir	1
un	1
camino	1
de	1
crecimiento	1
continuo	1
que	1
beneficie	1
tanto	1
al	1
desarrollo	1
personal	1
como	1
al	1
bienestar	1
colectivo	1
