el	1
cumplimiento	1
de	1
objetivos	1
una	1
lista	1
de	1
tareas	1
bien	1
preparada	1
permite	1
identificar	1
prioridades	1
y	1
reducir	1
distracciones	1
reservar	1
momentos	1
para	1
descansar	1
tambien	1
resulta	1
necesario	1
porque	1
la	1
mente	1
funciona	1
mejor	1
cuando	1
existe	1
un	1
equilibrio	1
entre	1
esfuerzo	1
y	1
recuperacion	1
un	1
horario	1
flexible	1
pero	1
constante	1
puede	1
aumentar	1
la	1
productividad	1
sin	1
crear	1
una	1
carga	1
innecesaria	1
la	1
tecnologia	1
ofrece	1
muchas	1
posibilidades	1
para	1
aprender	1
compartir	1
informacion	1
y	1
resolver	1
problemas	1
sin	1
embargo	1
tambien	1
es	1
importante	1
utilizar	1
las	1
herramientas	1
digitales	1
de	1
manera	1
responsable	1
elegir	1
fuentes	1
confiables	1
proteger	1
la	1
informacion	1
personal	1
y	1
mantener	1
un	1
uso	1
equilibrado	1
favorece	1
una	1
experiencia	1
mas	1
segura	1
y	1
provechosa	1
la	1
capacidad	1
para	1
adaptarse	1
a	1
los	1
cambios	1
tecnologicos	1
se	1
ha	1
convertido	1
en	1
una	1
habilidad	1
muy	1
apreciada	1
el	1
ejercicio	1
fisico	1
contribuye	1
al	1
bienestar	1
general	1
caminar	1
correr	1
o	1
realizar	1
actividades	1
sencillas	1
ayuda	1
a	1
mantener	1
el	1
cuerpo	1
activo	1
una	1
alimentacion	1
equilibrada	1
junto	1
con	1
un	1
descanso	1
adecuado	1
complementa	1
los	1
beneficios	1
de	1
un	1
estilo	1
de	1
vida	1
saludable	1
pequenos	1
habitos	1
repetidos	1
con	1
regularidad	1
pueden	1
producir	1
cambios	1
positivos	1
a	1
largo	1
plazo	1
la	1
creatividad	1
aparece	1
cuando	1
existe	1
espacio	1
para	1
experimentar	1
imaginar	1
nuevas	1
posibilidades	1
probar	1
diferentes	1
enfoques	1
y	1
aceptar	1
resultados	1
inesperados	1
puede	1
conducir	1
a	1
ideas	1
originales	1
muchas	1
innovaciones	1
nacieron	1
despues	1
de	1
varios	1
intentos	1
que	1
no	1
ofrecieron	1
el	1
resultado	1
esperado	1
desde	1
el	1
principio	1
la	1
perseverancia	1
suele	1
marcar	1
la	1
diferencia	1
entre	1
abandonar	1
un	1
proyecto	1
y	1
encontrar	1
una	1
solucion	1
efectiva	1
la	1
comunicacion	1
clara	1
reduce	1
malentendidos	1
y	1
fortalece	1
las	1
relaciones	1
explicar	1
un	1
mensaje	1
con	1
palabras	1
sencillas	1
escuchar	1
con	1
interes	1
y	1
confirmar	1
que	1
la	1
otra	1
persona	1
comprendio	1
el	1
contenido	1
mejora	1
cualquier	1
intercambio	1
de	1
informacion	1
tanto	1
en	1
el	1
entorno	1
personal	1
como	1
en	1
el	1
profesional	1
una	1
conversacion	1
respetuosa	1
crea	1
un	1
ambiente	1
mas	1
agradable	1
y	1
favorece	1
la	1
colaboracion	1
el	1
conocimiento	1
nunca	1
termina	1
de	1
crecer	1
cada	1
experiencia	1
aporta	1
una	1
leccion	1
diferente	1
incluso	1
cuando	1
el	1
resultado	1
no	1
coincide	1
con	1
las	1
expectativas	1
mantener	1
una	1
actitud	1
