este	1
archivo	1
contiene	1
un	1
texto	1
de	1
ejemplo	1
creado	1
para	1
completar	1
una	1
longitud	1
cercana	1
a	1
mil	1
palabras	1
usando	1
un	1
lenguaje	1
sencillo	1
y	1
facil	1
de	1
leer	1
el	1
contenido	1
habla	1
sobre	1
el	1
valor	1
del	1
aprendizaje	1
continuo	1
la	1
practica	1
diaria	1
y	1
la	1
importancia	1
de	1
mantener	1
una	1
actitud	1
positiva	1
frente	1
a	1
los	1
desafios	1
de	1
cada	1
dia	1
muchas	1
personas	1
descubren	1
que	1
el	1
progreso	1
no	1
depende	1
solo	1
del	1
talento	1
sino	1
tambien	1
de	1
la	1
constancia	1
y	1
del	1
esfuerzo	1
realizado	1
durante	1
un	1
periodo	1
prolongado	1
cada	1
paso	1
pequeno	1
puede	1
parecer	1
poco	1
importante	1
cuando	1
se	1
observa	1
de	1
manera	1
aislada	1
pero	1
al	1
sumar	1
muchos	1
pasos	1
el	1
resultado	1
puede	1
ser	1
muy	1
significativo	1
aprender	1
algo	1
nuevo	1
requiere	1
tiempo	1
paciencia	1
y	1
voluntad	1
en	1
muchas	1
ocasiones	1
los	1
errores	1
aparecen	1
como	1
parte	1
natural	1
del	1
proceso	1
y	1
ofrecen	1
informacion	1
util	1
para	1
mejorar	1
en	1
lugar	1
de	1
evitar	1
cualquier	1
dificultad	1
conviene	1
observar	1
cada	1
intento	1
como	1
una	1
oportunidad	1
para	1
entender	1
mejor	1
un	1
problema	1
y	1
encontrar	1
una	1
solucion	1
mas	1
efectiva	1
esta	1
forma	1
de	1
pensar	1
ayuda	1
a	1
construir	1
confianza	1
y	1
fortalece	1
la	1
capacidad	1
para	1
enfrentar	1
nuevos	1
retos	1
en	1
el	1
futuro	1
la	1
lectura	1
es	1
una	1
herramienta	1
valiosa	1
porque	1
permite	1
conocer	1
ideas	1
experiencias	1
y	1
perspectivas	1
diferentes	1
cada	1
libro	1
aporta	1
informacion	1
que	1
puede	1
ampliar	1
la	1
vision	1
del	1
mundo	1
y	1
despertar	1
nuevas	1
preguntas	1
la	1
curiosidad	1
impulsa	1
a	1
investigar	1
a	1
comparar	1
conceptos	1
y	1
a	1
desarrollar	1
un	1
pensamiento	1
mas	1
amplio	1
gracias	1
a	1
esta	1
practica	1
es	1
posible	1
descubrir	1
temas	1
interesantes	1
que	1
antes	1
pasaban	1
desapercibidos	1
el	1
trabajo	1
en	1
equipo	1
tambien	1
tiene	1
un	1
papel	1
importante	1
cuando	1
varias	1
personas	1
colaboran	1
con	1
respeto	1
y	1
buena	1
comunicacion	1
aparecen	1
soluciones	1
mas	1
creativas	1
cada	1
integrante	1
aporta	1
conocimientos	1
distintos	1
y	1
esa	1
diversidad	1
mejora	1
la	1
calidad	1
del	1
resultado	1
final	1
escuchar	1
con	1
atencion	1
expresar	1
ideas	1
con	1
claridad	1
y	1
valorar	1
las	1
opiniones	1
de	1
los	1
demas	1
fortalece	1
la	1
cooperacion	1
y	1
genera	1
un	1
ambiente	1
mas	1
productivo	1
la	1
organizacion	1
del	1
tiempo	1
facilita	1
